<?xml version='1.0' encoding='UTF-8'?>
<testsuite hostname="Wills-MBP.hsd1.co.comcast.net" name="edu.colorado.csci3155s2021.project2.CanvasTests" tests="11" errors="0" failures="0" skipped="0" time="0.044" timestamp="2021-04-06T23:53:45">
                     <properties>
      <property name="jline.esc.timeout" value="0"/><property name="jna.platform.library.path" value="/usr/lib:/usr/lib"/><property name="java.runtime.name" value="OpenJDK Runtime Environment"/><property name="sun.boot.library.path" value="/Users/willhuynh/Library/Java/JavaVirtualMachines/corretto-1.8.0_282/Contents/Home/jre/lib"/><property name="java.vm.version" value="25.282-b08"/><property name="gopherProxySet" value="false"/><property name="java.vm.vendor" value="Amazon.com Inc."/><property name="java.vendor.url" value="https://aws.amazon.com/corretto/"/><property name="path.separator" value=":"/><property name="jna.loaded" value="true"/><property name="java.vm.name" value="OpenJDK 64-Bit Server VM"/><property name="file.encoding.pkg" value="sun.io"/><property name="user.country" value="US"/><property name="sun.java.launcher" value="SUN_STANDARD"/><property name="sun.os.patch.level" value="unknown"/><property name="jna.nosys" value="true"/><property name="java.vm.specification.name" value="Java Virtual Machine Specification"/><property name="user.dir" value="/Users/willhuynh/Documents/Development/Spring 2021/CSCI-3155/Homeworks/project2"/><property name="java.runtime.version" value="1.8.0_282-b08"/><property name="java.awt.graphicsenv" value="sun.awt.CGraphicsEnvironment"/><property name="idea.managed" value="true"/><property name="java.endorsed.dirs" value="/Users/willhuynh/Library/Java/JavaVirtualMachines/corretto-1.8.0_282/Contents/Home/jre/lib/endorsed"/><property name="os.arch" value="x86_64"/><property name="java.io.tmpdir" value="/var/folders/7j/bhrhdp210bx3_88kydqp0mvr0000gn/T/"/><property name="line.separator" value="
"/><property name="java.vm.specification.vendor" value="Oracle Corporation"/><property name="log4j.ignoreTCL" value="true"/><property name="os.name" value="Mac OS X"/><property name="sun.jnu.encoding" value="UTF-8"/><property name="jnidispatch.path" value="/Users/willhuynh/Library/Caches/JNA/temp/jna3422995324316763809.tmp"/><property name="java.library.path" value="/Users/willhuynh/Library/Java/Extensions:/Library/Java/Extensions:/Network/Library/Java/Extensions:/System/Library/Java/Extensions:/usr/lib/java:."/><property name="java.specification.name" value="Java Platform API Specification"/><property name="java.class.version" value="52.0"/><property name="sun.management.compiler" value="HotSpot 64-Bit Tiered Compilers"/><property name="os.version" value="10.16"/><property name="http.nonProxyHosts" value="local|*.local|169.254/16|*.169.254/16"/><property name="swoval.tmpdir" value="/Users/willhuynh/.sbt/1.0"/><property name="user.home" value="/Users/willhuynh"/><property name="user.timezone" value="America/Denver"/><property name="java.awt.printerjob" value="sun.lwawt.macosx.CPrinterJob"/><property name="file.encoding" value="UTF-8"/><property name="java.specification.version" value="1.8"/><property name="java.class.path" value="/Users/willhuynh/Library/Application Support/JetBrains/IdeaIC2020.3/plugins/Scala/launcher/sbt-launch.jar"/><property name="user.name" value="willhuynh"/><property name="jline.shutdownhook" value="false"/><property name="java.vm.specification.version" value="1.8"/><property name="sun.java.command" value="/Users/willhuynh/Library/Application Support/JetBrains/IdeaIC2020.3/plugins/Scala/launcher/sbt-launch.jar early(addPluginSbtFile=&quot;&quot;&quot;/private/var/folders/7j/bhrhdp210bx3_88kydqp0mvr0000gn/T/idea.sbt&quot;&quot;&quot;) ; set ideaPort in Global := 51551 ; idea-shell"/><property name="java.home" value="/Users/willhuynh/Library/Java/JavaVirtualMachines/corretto-1.8.0_282/Contents/Home/jre"/><property name="sun.arch.data.model" value="64"/><property name="user.language" value="en"/><property name="java.specification.vendor" value="Oracle Corporation"/><property name="awt.toolkit" value="sun.lwawt.macosx.LWCToolkit"/><property name="java.vm.info" value="mixed mode"/><property name="java.version" value="1.8.0_282"/><property name="java.ext.dirs" value="/Users/willhuynh/Library/Java/Extensions:/Users/willhuynh/Library/Java/JavaVirtualMachines/corretto-1.8.0_282/Contents/Home/jre/lib/ext:/Library/Java/Extensions:/Network/Library/Java/Extensions:/System/Library/Java/Extensions:/usr/lib/java"/><property name="sun.boot.class.path" value="/Users/willhuynh/Library/Java/JavaVirtualMachines/corretto-1.8.0_282/Contents/Home/jre/lib/resources.jar:/Users/willhuynh/Library/Java/JavaVirtualMachines/corretto-1.8.0_282/Contents/Home/jre/lib/rt.jar:/Users/willhuynh/Library/Java/JavaVirtualMachines/corretto-1.8.0_282/Contents/Home/jre/lib/sunrsasign.jar:/Users/willhuynh/Library/Java/JavaVirtualMachines/corretto-1.8.0_282/Contents/Home/jre/lib/jsse.jar:/Users/willhuynh/Library/Java/JavaVirtualMachines/corretto-1.8.0_282/Contents/Home/jre/lib/jce.jar:/Users/willhuynh/Library/Java/JavaVirtualMachines/corretto-1.8.0_282/Contents/Home/jre/lib/charsets.jar:/Users/willhuynh/Library/Java/JavaVirtualMachines/corretto-1.8.0_282/Contents/Home/jre/lib/jfr.jar:/Users/willhuynh/Library/Java/JavaVirtualMachines/corretto-1.8.0_282/Contents/Home/jre/classes"/><property name="java.vendor" value="Amazon.com Inc."/><property name="file.separator" value="/"/><property name="java.vendor.url.bug" value="https://github.com/corretto/corretto-8/issues/"/><property name="sbt.supershell" value="false"/><property name="sun.io.unicode.encoding" value="UnicodeBig"/><property name="sun.cpu.endian" value="little"/><property name="socksNonProxyHosts" value="local|*.local|169.254/16|*.169.254/16"/><property name="ftp.nonProxyHosts" value="local|*.local|169.254/16|*.169.254/16"/><property name="sun.cpu.isalist" value=""/>
    </properties>
                     <testcase classname="edu.colorado.csci3155s2021.project2.CanvasTests" name="Test Bounding Box with Polygon" time="0.028">
                                                 
                                               </testcase><testcase classname="edu.colorado.csci3155s2021.project2.CanvasTests" name="Test Bounding Box with Circle" time="0.002">
                                                 
                                               </testcase><testcase classname="edu.colorado.csci3155s2021.project2.CanvasTests" name="Test Bounding Box with two circles and one polygon" time="0.0">
                                                 
                                               </testcase><testcase classname="edu.colorado.csci3155s2021.project2.CanvasTests" name="Test Overlap of two figures" time="0.0">
                                                 
                                               </testcase><testcase classname="edu.colorado.csci3155s2021.project2.CanvasTests" name="Test Place Right" time="0.005">
                                                 
                                               </testcase><testcase classname="edu.colorado.csci3155s2021.project2.CanvasTests" name="Test Place Top" time="0.0">
                                                 
                                               </testcase><testcase classname="edu.colorado.csci3155s2021.project2.CanvasTests" name="Test Rotate 0" time="0.002">
                                                 
                                               </testcase><testcase classname="edu.colorado.csci3155s2021.project2.CanvasTests" name="Test Rotate 1" time="0.0">
                                                 
                                               </testcase><testcase classname="edu.colorado.csci3155s2021.project2.CanvasTests" name="Test Rotate 2" time="0.003">
                                                 
                                               </testcase><testcase classname="edu.colorado.csci3155s2021.project2.CanvasTests" name="Test Rotate 3" time="0.003">
                                                 
                                               </testcase><testcase classname="edu.colorado.csci3155s2021.project2.CanvasTests" name="Test Translate" time="0.001">
                                                 
                                               </testcase>
                     <system-out><![CDATA[]]></system-out>
                     <system-err><![CDATA[]]></system-err>
                   </testsuite>